2024-12-01 16:26:57,629 - model.nlp-v1 - INFO: ---> Model class initializing
2024-12-01 16:26:57,631 - model.nlp-v1 - INFO: ---> Succesful loading of config
2024-12-01 16:28:52,378 - model.nlp-v1 - INFO: ---> Model class initializing
2024-12-01 16:28:52,381 - model.nlp-v1 - INFO: ---> Succesful loading of config
2024-12-01 16:29:33,647 - model.nlp-v1 - INFO: ---> Model class initializing
2024-12-01 16:29:33,649 - model.nlp-v1 - INFO: ---> Succesful loading of config
2024-12-01 16:30:36,943 - model.nlp-v1 - INFO: ---> Model class initializing
2024-12-01 16:30:36,946 - model.nlp-v1 - INFO: ---> Succesful loading of config
2024-12-01 16:31:53,388 - model.nlp-v1 - INFO: ---> Model class initializing
2024-12-01 16:31:53,391 - model.nlp-v1 - INFO: ---> Succesful loading of config
2024-12-01 16:34:00,456 - model.nlp-v1 - INFO: ---> Model class initializing
2024-12-01 16:34:00,458 - model.nlp-v1 - INFO: ---> Succesful loading of config
2024-12-01 16:34:00,462 - model.nlp-v1 - INFO: ---> Generating a phrases matcher
2024-12-01 16:34:48,202 - model.nlp-v1 - INFO: ---> Model class initializing
2024-12-01 16:34:48,204 - model.nlp-v1 - INFO: ---> Succesful loading of config
2024-12-01 16:34:48,209 - model.nlp-v1 - INFO: ---> Generating a phrases matcher
2024-12-01 16:35:30,553 - model.nlp-v1 - INFO: ---> Model class initializing
2024-12-01 16:35:30,555 - model.nlp-v1 - INFO: ---> Succesful loading of config
2024-12-01 16:35:30,561 - model.nlp-v1 - INFO: ---> Generating a phrases matcher
2024-12-01 16:35:30,563 - model.nlp-v1 - INFO: ---> Generating a phrases matcher
2024-12-01 16:36:45,979 - model.nlp-v1 - INFO: ---> Model class initializing
2024-12-01 16:36:45,981 - model.nlp-v1 - INFO: ---> Succesful loading of config
2024-12-01 16:36:45,986 - model.nlp-v1 - INFO: ---> Generating a phrases matcher
2024-12-01 16:36:45,988 - model.nlp-v1 - INFO: ---> Generating a phrases matcher
2024-12-01 16:36:45,988 - model.nlp-v1 - INFO: ---> Verifying token negativity
2024-12-01 16:36:45,988 - model.nlp-v1 - INFO: ---> Verifying token negativity
2024-12-01 16:36:45,989 - model.nlp-v1 - INFO: ---> Verifying token negativity
2024-12-01 16:36:45,989 - model.nlp-v1 - INFO: ---> Verifying token positivity
2024-12-01 16:36:45,989 - model.nlp-v1 - INFO: ---> Verifying token positivity
2024-12-01 16:36:45,989 - model.nlp-v1 - INFO: ---> Verifying token positivity
2024-12-01 16:36:45,989 - model.nlp-v1 - INFO: ---> Verifying token positivity
2024-12-01 16:36:45,989 - model.nlp-v1 - INFO: ---> Verifying token positivity
2024-12-01 17:30:26,878 - model.nlp-v1 - INFO: ---> Model class initializing
2024-12-01 17:30:26,880 - model.nlp-v1 - INFO: ---> Succesful loading of config
2024-12-01 17:30:56,587 - model.nlp-v1 - INFO: ---> Generating a phrases matcher
2024-12-01 17:30:56,589 - model.nlp-v1 - INFO: ---> Generating a phrases matcher
2024-12-01 17:30:56,589 - model.nlp-v1 - INFO: ---> Verifying token negativity
2024-12-01 17:30:56,590 - model.nlp-v1 - INFO: ---> Verifying token negativity
2024-12-01 17:30:56,590 - model.nlp-v1 - INFO: ---> Verifying token negativity
2024-12-01 17:30:56,590 - model.nlp-v1 - INFO: ---> Verifying token positivity
2024-12-01 17:30:56,590 - model.nlp-v1 - INFO: ---> Verifying token positivity
2024-12-01 17:30:56,590 - model.nlp-v1 - INFO: ---> Verifying token positivity
2024-12-01 17:30:56,590 - model.nlp-v1 - INFO: ---> Verifying token positivity
2024-12-01 17:30:56,590 - model.nlp-v1 - INFO: ---> Verifying token positivity
2024-12-01 17:33:38,088 - model.nlp-v1 - INFO: ---> Model class initializing
2024-12-01 17:33:38,090 - model.nlp-v1 - INFO: ---> Succesful loading of config
2024-12-01 17:33:58,596 - model.nlp-v1 - INFO: ---> Generating a phrases matcher
2024-12-01 17:33:58,598 - model.nlp-v1 - INFO: ---> Generating a phrases matcher
2024-12-01 17:35:30,220 - model.nlp-v1 - INFO: ---> Model class initializing
2024-12-01 17:35:30,222 - model.nlp-v1 - INFO: ---> Succesful loading of config
2024-12-01 17:35:35,260 - model.nlp-v1 - INFO: ---> Generating a phrases matcher
2024-12-01 17:35:35,261 - model.nlp-v1 - INFO: ---> Generating a phrases matcher
2024-12-01 17:37:14,593 - model.nlp-v1 - INFO: ---> Model class initializing
2024-12-01 17:37:14,595 - model.nlp-v1 - INFO: ---> Succesful loading of config
2024-12-01 17:37:24,756 - model.nlp-v1 - INFO: ---> Generating a phrases matcher
2024-12-01 17:37:24,758 - model.nlp-v1 - INFO: ---> Generating a phrases matcher
2024-12-01 17:37:24,759 - model.nlp-v1 - INFO: ---> Verifying token negativity
2024-12-01 17:37:24,759 - model.nlp-v1 - INFO: ---> Verifying token negativity
2024-12-01 17:37:24,759 - model.nlp-v1 - INFO: ---> Verifying token negativity
2024-12-01 17:37:24,759 - model.nlp-v1 - INFO: ---> Verifying token positivity
2024-12-01 17:37:24,759 - model.nlp-v1 - INFO: ---> Verifying token positivity
2024-12-01 17:37:24,759 - model.nlp-v1 - INFO: ---> Verifying token positivity
2024-12-01 17:37:24,759 - model.nlp-v1 - INFO: ---> Verifying token positivity
2024-12-01 17:37:24,760 - model.nlp-v1 - INFO: ---> Verifying token positivity
2024-12-01 17:43:22,838 - model.nlp-v1 - INFO: ---> Model class initializing
2024-12-01 17:43:22,841 - model.nlp-v1 - INFO: ---> Succesful loading of config
2024-12-01 17:43:37,345 - model.nlp-v1 - INFO: ---> Generating a phrases matcher
2024-12-01 17:43:37,347 - model.nlp-v1 - INFO: ---> Generating a phrases matcher
2024-12-01 17:43:37,347 - model.nlp-v1 - INFO: ---> Verifying token negativity
2024-12-01 17:43:37,347 - model.nlp-v1 - INFO: ---> Verifying token negativity
2024-12-01 17:43:37,347 - model.nlp-v1 - INFO: ---> Verifying token negativity
2024-12-01 17:43:37,347 - model.nlp-v1 - INFO: ---> Verifying token negativity
2024-12-01 17:43:37,347 - model.nlp-v1 - INFO: ---> Verifying token negativity
2024-12-01 17:43:37,347 - model.nlp-v1 - INFO: ---> Verifying token positivity
2024-12-01 17:43:37,348 - model.nlp-v1 - INFO: ---> Verifying token positivity
2024-12-01 17:43:37,348 - model.nlp-v1 - INFO: ---> Verifying token positivity
2024-12-01 17:47:16,110 - model.nlp-v1 - INFO: ---> Model class initializing
2024-12-01 17:47:16,113 - model.nlp-v1 - INFO: ---> Succesful loading of config
2024-12-01 17:47:38,848 - model.nlp-v1 - INFO: ---> Generating a phrases matcher
2024-12-01 17:47:38,850 - model.nlp-v1 - INFO: ---> Generating a phrases matcher
2024-12-01 17:47:42,547 - model.nlp-v1 - INFO: ---> Generating a phrases matcher
2024-12-01 17:47:42,549 - model.nlp-v1 - INFO: ---> Generating a phrases matcher
2024-12-01 17:47:45,404 - model.nlp-v1 - INFO: ---> Generating a phrases matcher
2024-12-01 17:47:45,405 - model.nlp-v1 - INFO: ---> Generating a phrases matcher
2024-12-01 17:47:57,135 - model.nlp-v1 - INFO: ---> Generating a phrases matcher
2024-12-01 17:47:57,137 - model.nlp-v1 - INFO: ---> Generating a phrases matcher
2024-12-01 17:47:57,138 - model.nlp-v1 - INFO: ---> Verifying token negativity
2024-12-01 17:47:57,138 - model.nlp-v1 - INFO: ---> Verifying token negativity
2024-12-01 17:47:57,138 - model.nlp-v1 - INFO: ---> Verifying token negativity
2024-12-01 17:47:57,138 - model.nlp-v1 - INFO: ---> Verifying token negativity
2024-12-01 17:47:57,138 - model.nlp-v1 - INFO: ---> Verifying token negativity
2024-12-01 17:47:57,139 - model.nlp-v1 - INFO: ---> Verifying token positivity
2024-12-01 17:47:57,139 - model.nlp-v1 - INFO: ---> Verifying token positivity
2024-12-01 17:47:57,139 - model.nlp-v1 - INFO: ---> Verifying token positivity
2024-12-01 17:48:12,462 - model.nlp-v1 - INFO: ---> Generating a phrases matcher
2024-12-01 17:48:12,463 - model.nlp-v1 - INFO: ---> Generating a phrases matcher
2024-12-01 17:48:12,464 - model.nlp-v1 - INFO: ---> Verifying token negativity
2024-12-01 17:48:12,464 - model.nlp-v1 - INFO: ---> Verifying token negativity
2024-12-01 17:48:12,464 - model.nlp-v1 - INFO: ---> Verifying token negativity
2024-12-01 17:48:12,465 - model.nlp-v1 - INFO: ---> Verifying token negativity
2024-12-01 17:48:12,465 - model.nlp-v1 - INFO: ---> Verifying token negativity
2024-12-01 17:48:12,465 - model.nlp-v1 - INFO: ---> Verifying token positivity
2024-12-01 17:48:12,465 - model.nlp-v1 - INFO: ---> Verifying token positivity
2024-12-01 17:48:12,465 - model.nlp-v1 - INFO: ---> Verifying token positivity
2024-12-01 17:48:32,069 - model.nlp-v1 - INFO: ---> Generating a phrases matcher
2024-12-01 17:48:32,070 - model.nlp-v1 - INFO: ---> Generating a phrases matcher
2024-12-01 17:48:32,071 - model.nlp-v1 - INFO: ---> Verifying token negativity
2024-12-01 17:48:32,071 - model.nlp-v1 - INFO: ---> Verifying token negativity
2024-12-01 17:48:32,071 - model.nlp-v1 - INFO: ---> Verifying token negativity
2024-12-01 17:48:32,072 - model.nlp-v1 - INFO: ---> Verifying token negativity
2024-12-01 17:48:32,072 - model.nlp-v1 - INFO: ---> Verifying token negativity
2024-12-01 17:48:32,072 - model.nlp-v1 - INFO: ---> Verifying token positivity
2024-12-01 17:48:32,072 - model.nlp-v1 - INFO: ---> Verifying token positivity
2024-12-01 17:48:32,072 - model.nlp-v1 - INFO: ---> Verifying token positivity
2024-12-01 17:48:55,789 - model.nlp-v1 - INFO: ---> Generating a phrases matcher
2024-12-01 17:48:55,791 - model.nlp-v1 - INFO: ---> Generating a phrases matcher
2024-12-01 17:48:55,791 - model.nlp-v1 - INFO: ---> Verifying token negativity
2024-12-01 17:48:55,791 - model.nlp-v1 - INFO: ---> Verifying token negativity
2024-12-01 17:48:55,792 - model.nlp-v1 - INFO: ---> Verifying token negativity
2024-12-01 17:48:55,792 - model.nlp-v1 - INFO: ---> Verifying token negativity
2024-12-01 17:48:55,792 - model.nlp-v1 - INFO: ---> Verifying token positivity
2024-12-01 17:48:55,792 - model.nlp-v1 - INFO: ---> Verifying token positivity
2024-12-01 17:48:55,792 - model.nlp-v1 - INFO: ---> Verifying token positivity
